<?xml version="1.0" encoding="UTF-8"?>
<!-- Generated by org.testng.reporters.JUnitXMLReporter -->
<testsuite ignored="0" hostname="DESKTOP-2VU3J8C" failures="0" tests="3" name="Default test" time="23.647" errors="0" timestamp="2021-10-06T12:04:27 IST">
  <testcase classname="healthCheck.CheckSpotSearch" name="description" time="6.003"/>
  <testcase classname="healthCheck.CheckSpotSearch" name="testSS1" time="14.477"/>
  <testcase classname="healthCheck.CheckSpotSearch" name="testSS2" time="3.108"/>
</testsuite> <!-- Default test -->
