<?xml version="1.0" encoding="UTF-8"?>
<testng-results ignored="0" total="3" passed="2" failed="1" skipped="0">
  <reporter-output>
    <line>
      <![CDATA[Hi, Welcome to Automation framework]]>
    </line>
    <line>
      <![CDATA[Please select the Website number and hit enter 
1. WSU- Alive/Orientaton
2. WSU- Enrollment Management
3. WSU-Registrar
4. ICC
5. USC
6. SS Main Account]]>
    </line>
    <line>
      <![CDATA[Type the Question]]>
    </line>
    <line>
      <![CDATA[Select the browser
1.Chrome
2.msedge
3.Mozilla firefox]]>
    </line>
    <line>
      <![CDATA[Total number of columns is: 3]]>
    </line>
    <line>
      <![CDATA[
Socail Media handles are present]]>
    </line>
    <line>
      <![CDATA[Social Media Name is- 'Twitter' and Social Media ID is-'@TheOneOrigin']]>
    </line>
    <line>
      <![CDATA[Social Media Name is- 'Facebook' and Social Media ID is-'@1Origin']]>
    </line>
  </reporter-output>
  <suite started-at="2021-10-07T09:21:19 IST" name="Suite" finished-at="2021-10-07T09:22:45 IST" duration-ms="85732">
    <groups>
    </groups>
    <test started-at="2021-10-07T09:21:19 IST" name="Test" finished-at="2021-10-07T09:22:45 IST" duration-ms="85732">
      <class name="healthCheck.CheckSpotSearch">
        <test-method signature="description()[pri:1, instance:healthCheck.CheckSpotSearch@d29f28]" started-at="2021-10-07T09:21:19 IST" name="description" finished-at="2021-10-07T09:21:39 IST" duration-ms="19843" status="PASS">
          <reporter-output>
            <line>
              <![CDATA[Hi, Welcome to Automation framework]]>
            </line>
            <line>
              <![CDATA[Please select the Website number and hit enter 
1. WSU- Alive/Orientaton
2. WSU- Enrollment Management
3. WSU-Registrar
4. ICC
5. USC
6. SS Main Account]]>
            </line>
            <line>
              <![CDATA[Type the Question]]>
            </line>
            <line>
              <![CDATA[Select the browser
1.Chrome
2.msedge
3.Mozilla firefox]]>
            </line>
          </reporter-output>
        </test-method> <!-- description -->
        <test-method signature="testSS1()[pri:2, instance:healthCheck.CheckSpotSearch@d29f28]" started-at="2021-10-07T09:21:39 IST" name="testSS1" finished-at="2021-10-07T09:21:53 IST" duration-ms="14027" status="PASS">
          <reporter-output>
            <line>
              <![CDATA[Total number of columns is: 3]]>
            </line>
          </reporter-output>
        </test-method> <!-- testSS1 -->
        <test-method signature="testSS2()[pri:3, instance:healthCheck.CheckSpotSearch@d29f28]" started-at="2021-10-07T09:21:53 IST" name="testSS2" finished-at="2021-10-07T09:22:45 IST" duration-ms="51736" status="FAIL">
          <exception class="org.openqa.selenium.WebDriverException">
            <message>
              <![CDATA[chrome not reachable
  (Session info: chrome=94.0.4606.71)
Build info: version: '3.141.59', revision: 'e82be7d358', time: '2018-11-14T08:25:53'
System info: host: 'DESKTOP-2VU3J8C', ip: '192.168.0.103', os.name: 'Windows 10', os.arch: 'amd64', os.version: '10.0', java.version: '16.0.2'
Driver info: org.openqa.selenium.chrome.ChromeDriver
Capabilities {acceptInsecureCerts: false, browserName: chrome, browserVersion: 94.0.4606.71, chrome: {chromedriverVersion: 94.0.4606.61 (418b78f5838ed..., userDataDir: C:\Users\VISHWA~1\AppData\L...}, goog:chromeOptions: {debuggerAddress: localhost:63220}, javascriptEnabled: true, networkConnectionEnabled: false, pageLoadStrategy: normal, platform: WINDOWS, platformName: WINDOWS, proxy: Proxy(), setWindowRect: true, strictFileInteractability: false, timeouts: {implicit: 0, pageLoad: 300000, script: 30000}, unhandledPromptBehavior: dismiss and notify, webauthn:extension:credBlob: true, webauthn:extension:largeBlob: true, webauthn:virtualAuthenticators: true}
Session ID: 6ceeefc1fa645bd12d5e76bd4ff43406]]>
            </message>
            <full-stacktrace>
              <![CDATA[org.openqa.selenium.WebDriverException: chrome not reachable
  (Session info: chrome=94.0.4606.71)
Build info: version: '3.141.59', revision: 'e82be7d358', time: '2018-11-14T08:25:53'
System info: host: 'DESKTOP-2VU3J8C', ip: '192.168.0.103', os.name: 'Windows 10', os.arch: 'amd64', os.version: '10.0', java.version: '16.0.2'
Driver info: org.openqa.selenium.chrome.ChromeDriver
Capabilities {acceptInsecureCerts: false, browserName: chrome, browserVersion: 94.0.4606.71, chrome: {chromedriverVersion: 94.0.4606.61 (418b78f5838ed..., userDataDir: C:\Users\VISHWA~1\AppData\L...}, goog:chromeOptions: {debuggerAddress: localhost:63220}, javascriptEnabled: true, networkConnectionEnabled: false, pageLoadStrategy: normal, platform: WINDOWS, platformName: WINDOWS, proxy: Proxy(), setWindowRect: true, strictFileInteractability: false, timeouts: {implicit: 0, pageLoad: 300000, script: 30000}, unhandledPromptBehavior: dismiss and notify, webauthn:extension:credBlob: true, webauthn:extension:largeBlob: true, webauthn:virtualAuthenticators: true}
Session ID: 6ceeefc1fa645bd12d5e76bd4ff43406
at java.base/jdk.internal.reflect.NativeConstructorAccessorImpl.newInstance0(Native Method)
at java.base/jdk.internal.reflect.NativeConstructorAccessorImpl.newInstance(NativeConstructorAccessorImpl.java:78)
at java.base/jdk.internal.reflect.DelegatingConstructorAccessorImpl.newInstance(DelegatingConstructorAccessorImpl.java:45)
at java.base/java.lang.reflect.Constructor.newInstanceWithCaller(Constructor.java:499)
at java.base/java.lang.reflect.Constructor.newInstance(Constructor.java:480)
at org.openqa.selenium.remote.http.W3CHttpResponseCodec.createException(W3CHttpResponseCodec.java:187)
at org.openqa.selenium.remote.http.W3CHttpResponseCodec.decode(W3CHttpResponseCodec.java:122)
at org.openqa.selenium.remote.http.W3CHttpResponseCodec.decode(W3CHttpResponseCodec.java:49)
at org.openqa.selenium.remote.HttpCommandExecutor.execute(HttpCommandExecutor.java:158)
at org.openqa.selenium.remote.service.DriverCommandExecutor.execute(DriverCommandExecutor.java:83)
at org.openqa.selenium.remote.RemoteWebDriver.execute(RemoteWebDriver.java:552)
at org.openqa.selenium.remote.RemoteWebDriver.execute(RemoteWebDriver.java:609)
at org.openqa.selenium.remote.RemoteWebDriver.getScreenshotAs(RemoteWebDriver.java:295)
at com.generics.spotsearch.BaseClass.takeSS(BaseClass.java:256)
at com.generics.spotsearch.BaseClass.checkLanguage(BaseClass.java:222)
at healthCheck.CheckSpotSearch.testSS2(CheckSpotSearch.java:53)
at java.base/jdk.internal.reflect.NativeMethodAccessorImpl.invoke0(Native Method)
at java.base/jdk.internal.reflect.NativeMethodAccessorImpl.invoke(NativeMethodAccessorImpl.java:78)
at java.base/jdk.internal.reflect.DelegatingMethodAccessorImpl.invoke(DelegatingMethodAccessorImpl.java:43)
at java.base/java.lang.reflect.Method.invoke(Method.java:567)
at org.testng.internal.MethodInvocationHelper.invokeMethod(MethodInvocationHelper.java:133)
at org.testng.internal.TestInvoker.invokeMethod(TestInvoker.java:598)
at org.testng.internal.TestInvoker.invokeTestMethod(TestInvoker.java:173)
at org.testng.internal.MethodRunner.runInSequence(MethodRunner.java:46)
at org.testng.internal.TestInvoker$MethodInvocationAgent.invoke(TestInvoker.java:824)
at org.testng.internal.TestInvoker.invokeTestMethods(TestInvoker.java:146)
at org.testng.internal.TestMethodWorker.invokeTestMethods(TestMethodWorker.java:146)
at org.testng.internal.TestMethodWorker.run(TestMethodWorker.java:128)
at java.base/java.util.ArrayList.forEach(ArrayList.java:1511)
at org.testng.TestRunner.privateRun(TestRunner.java:794)
at org.testng.TestRunner.run(TestRunner.java:596)
at org.testng.SuiteRunner.runTest(SuiteRunner.java:377)
at org.testng.SuiteRunner.runSequentially(SuiteRunner.java:371)
at org.testng.SuiteRunner.privateRun(SuiteRunner.java:332)
at org.testng.SuiteRunner.run(SuiteRunner.java:276)
at org.testng.SuiteRunnerWorker.runSuite(SuiteRunnerWorker.java:53)
at org.testng.SuiteRunnerWorker.run(SuiteRunnerWorker.java:96)
at org.testng.TestNG.runSuitesSequentially(TestNG.java:1212)
at org.testng.TestNG.runSuitesLocally(TestNG.java:1134)
at org.testng.TestNG.runSuites(TestNG.java:1063)
at org.testng.TestNG.run(TestNG.java:1031)
at org.testng.remote.AbstractRemoteTestNG.run(AbstractRemoteTestNG.java:115)
at org.testng.remote.RemoteTestNG.initAndRun(RemoteTestNG.java:251)
at org.testng.remote.RemoteTestNG.main(RemoteTestNG.java:77)
]]>
            </full-stacktrace>
          </exception> <!-- org.openqa.selenium.WebDriverException -->
          <reporter-output>
            <line>
              <![CDATA[
Socail Media handles are present]]>
            </line>
            <line>
              <![CDATA[Social Media Name is- 'Twitter' and Social Media ID is-'@TheOneOrigin']]>
            </line>
            <line>
              <![CDATA[Social Media Name is- 'Facebook' and Social Media ID is-'@1Origin']]>
            </line>
          </reporter-output>
        </test-method> <!-- testSS2 -->
      </class> <!-- healthCheck.CheckSpotSearch -->
    </test> <!-- Test -->
  </suite> <!-- Suite -->
</testng-results>
